<?xml version="1.0" encoding="UTF-8"?>
<testng-results skipped="0" failed="0" ignored="0" total="1" passed="1">
  <reporter-output>
  </reporter-output>
  <suite name="Suite" duration-ms="25720" started-at="2023-02-14T05:50:43Z" finished-at="2023-02-14T05:51:08Z">
    <groups>
    </groups>
    <test name="Test" duration-ms="25720" started-at="2023-02-14T05:50:43Z" finished-at="2023-02-14T05:51:08Z">
      <class name="com.tests.HomeTest">
        <test-method status="PASS" signature="launchApplication()[pri:0, instance:com.tests.HomeTest@6366ebe0]" name="launchApplication" is-config="true" duration-ms="17437" started-at="2023-02-14T05:50:43Z" finished-at="2023-02-14T05:51:00Z">
          <reporter-output>
          </reporter-output>
        </test-method> <!-- launchApplication -->
        <test-method status="PASS" signature="VerifySearchedProductFromList()[pri:0, instance:com.tests.HomeTest@6366ebe0]" name="VerifySearchedProductFromList" duration-ms="7774" started-at="2023-02-14T05:51:00Z" finished-at="2023-02-14T05:51:08Z">
          <reporter-output>
          </reporter-output>
        </test-method> <!-- VerifySearchedProductFromList -->
        <test-method status="PASS" signature="tearDown()[pri:0, instance:com.tests.HomeTest@6366ebe0]" name="tearDown" is-config="true" duration-ms="452" started-at="2023-02-14T05:51:08Z" finished-at="2023-02-14T05:51:08Z">
          <reporter-output>
          </reporter-output>
        </test-method> <!-- tearDown -->
      </class> <!-- com.tests.HomeTest -->
    </test> <!-- Test -->
  </suite> <!-- Suite -->
</testng-results>
